<?xml version="1.0" encoding="UTF-8"?>
<testsuite name="test.LoginTest" tests="2" skipped="0" failures="0" errors="0" timestamp="2026-08-13T18:57:24.355Z" hostname="WIN-L30P5MLFCLJ" time="4.638">
  <properties/>
  <testcase name="shouldBeBlockedAfterThreeInvalidAttempts()" classname="test.LoginTest" time="3.365"/>
  <testcase name="shouldLoginSuccessfully()" classname="test.LoginTest" time="1.261"/>
  <system-out><![CDATA[]]></system-out>
  <system-err><![CDATA[SLF4J: No SLF4J providers were found.
SLF4J: Defaulting to no-operation (NOP) logger implementation
SLF4J: See https://www.slf4j.org/codes.html#noProviders for further details.
авг. 13, 2026 9:57:25 PM org.openqa.selenium.devtools.CdpVersionFinder findNearestMatch
WARNING: Unable to find CDP implementation matching 151
авг. 13, 2026 9:57:25 PM org.openqa.selenium.chromium.ChromiumDriver lambda$new$5
WARNING: Unable to find version of CDP to use for 151.0.7922.109. You may need to include a dependency on a specific version of the CDP using something similar to `org.seleniumhq.selenium:selenium-devtools-v86:4.11.0` where the version ("v86") matches the version of the chromium-based browser you're using and the version number of the artifact is the same as Selenium's.
]]></system-err>
</testsuite>
